#-----------------------------------------------------------
# Vivado v2018.2 (64-bit)
# SW Build 2258646 on Thu Jun 14 20:03:12 MDT 2018
# IP Build 2256618 on Thu Jun 14 22:10:49 MDT 2018
# Start of session at: Mon Jul 10 15:25:44 2023
# Process ID: 24960
# Current directory: E:/RESEARCH/NidhiProject_Work/FPGAcode/vhdlByExample/gate/Gate
# Command line: vivado.exe -gui_launcher_event rodinguilauncherevent23108 E:\RESEARCH\NidhiProject_Work\FPGAcode\vhdlByExample\gate\Gate\Gate.xpr
# Log file: E:/RESEARCH/NidhiProject_Work/FPGAcode/vhdlByExample/gate/Gate/vivado.log
# Journal file: E:/RESEARCH/NidhiProject_Work/FPGAcode/vhdlByExample/gate/Gate\vivado.jou
#-----------------------------------------------------------
start_gui
open_project E:/RESEARCH/NidhiProject_Work/FPGAcode/vhdlByExample/gate/Gate/Gate.xpr
INFO: [Project 1-313] Project file moved from 'E:/RESEARCH/NidhiProject_Work/FPGAcode/vhdlByExample/gate/orGate' since last save.
CRITICAL WARNING: [Project 1-311] Could not find the file 'E:/RESEARCH/NidhiProject_Work/FPGAcode/vhdlByExample/gate/Gate/Gate.srcs/sources_1/new/andGate.vhd', nor could it be found using path 'E:/RESEARCH/NidhiProject_Work/FPGAcode/vhdlByExample/gate/orGate/orGate.srcs/sources_1/new/andGate.vhd'.
CRITICAL WARNING: [Project 1-311] Could not find the file 'E:/RESEARCH/NidhiProject_Work/FPGAcode/vhdlByExample/gate/Gate/Gate.srcs/sources_1/new/NANDgate.vhd', nor could it be found using path 'E:/RESEARCH/NidhiProject_Work/FPGAcode/vhdlByExample/gate/orGate/orGate.srcs/sources_1/new/NANDgate.vhd'.
CRITICAL WARNING: [Project 1-311] Could not find the file 'E:/RESEARCH/NidhiProject_Work/FPGAcode/vhdlByExample/gate/Gate/Gate.srcs/sources_1/new/NORgate.vhd', nor could it be found using path 'E:/RESEARCH/NidhiProject_Work/FPGAcode/vhdlByExample/gate/orGate/orGate.srcs/sources_1/new/NORgate.vhd'.
CRITICAL WARNING: [Project 1-311] Could not find the file 'E:/RESEARCH/NidhiProject_Work/FPGAcode/vhdlByExample/gate/Gate/Gate.srcs/sources_1/new/ORgate.vhd', nor could it be found using path 'E:/RESEARCH/NidhiProject_Work/FPGAcode/vhdlByExample/gate/orGate/orGate.srcs/sources_1/new/ORgate.vhd'.
CRITICAL WARNING: [Project 1-311] Could not find the file 'E:/RESEARCH/NidhiProject_Work/FPGAcode/vhdlByExample/gate/Gate/Gate.srcs/sources_1/new/XNORgate.vhd', nor could it be found using path 'E:/RESEARCH/NidhiProject_Work/FPGAcode/vhdlByExample/gate/orGate/orGate.srcs/sources_1/new/XNORgate.vhd'.
CRITICAL WARNING: [Project 1-311] Could not find the file 'E:/RESEARCH/NidhiProject_Work/FPGAcode/vhdlByExample/gate/Gate/Gate.srcs/sources_1/new/inverter.vhd', nor could it be found using path 'E:/RESEARCH/NidhiProject_Work/FPGAcode/vhdlByExample/gate/orGate/orGate.srcs/sources_1/new/inverter.vhd'.
CRITICAL WARNING: [Project 1-311] Could not find the file 'E:/RESEARCH/NidhiProject_Work/FPGAcode/vhdlByExample/gate/Gate/Gate.srcs/sources_1/new/xorGate.vhd', nor could it be found using path 'E:/RESEARCH/NidhiProject_Work/FPGAcode/vhdlByExample/gate/orGate/orGate.srcs/sources_1/new/xorGate.vhd'.
CRITICAL WARNING: [Project 1-311] Could not find the file 'E:/RESEARCH/NidhiProject_Work/FPGAcode/vhdlByExample/gate/Gate/Gate.srcs/sim_1/new/TestGates.vhd', nor could it be found using path 'E:/RESEARCH/NidhiProject_Work/FPGAcode/vhdlByExample/gate/orGate/orGate.srcs/sim_1/new/TestGates.vhd'.
Scanning sources...
Finished scanning sources
WARNING: [filemgmt 56-2] IPUserFilesDir: Could not find the directory 'E:/RESEARCH/NidhiProject_Work/FPGAcode/vhdlByExample/gate/Gate/Gate.ip_user_files', nor could it be found using path 'E:/RESEARCH/NidhiProject_Work/FPGAcode/vhdlByExample/gate/orGate/orGate.ip_user_files'.
INFO: [IP_Flow 19-234] Refreshing IP repositories
INFO: [IP_Flow 19-1704] No user IP repositories specified
INFO: [IP_Flow 19-2313] Loaded Vivado IP repository 'D:/xilinxVivado2021/Vivado/2018.2/data/ip'.
update_compile_order -fileset sources_1
update_compile_order -fileset sim_1
add_files -norecurse -scan_for_includes {E:/RESEARCH/NidhiProject_Work/FPGAcode/vhdlByExample/gate/Gate/orGate.srcs/sources_1/new/NORgate.vhd E:/RESEARCH/NidhiProject_Work/FPGAcode/vhdlByExample/gate/Gate/orGate.srcs/sources_1/new/NANDgate.vhd E:/RESEARCH/NidhiProject_Work/FPGAcode/vhdlByExample/gate/Gate/orGate.srcs/sources_1/new/ORgate.vhd E:/RESEARCH/NidhiProject_Work/FPGAcode/vhdlByExample/gate/Gate/orGate.srcs/sources_1/new/andGate.vhd E:/RESEARCH/NidhiProject_Work/FPGAcode/vhdlByExample/gate/Gate/orGate.srcs/sources_1/new/inverter.vhd E:/RESEARCH/NidhiProject_Work/FPGAcode/vhdlByExample/gate/Gate/orGate.srcs/sources_1/new/xorGate.vhd E:/RESEARCH/NidhiProject_Work/FPGAcode/vhdlByExample/gate/Gate/orGate.srcs/sources_1/new/XNORgate.vhd}
import_files -norecurse {E:/RESEARCH/NidhiProject_Work/FPGAcode/vhdlByExample/gate/Gate/orGate.srcs/sources_1/new/NORgate.vhd E:/RESEARCH/NidhiProject_Work/FPGAcode/vhdlByExample/gate/Gate/orGate.srcs/sources_1/new/NANDgate.vhd E:/RESEARCH/NidhiProject_Work/FPGAcode/vhdlByExample/gate/Gate/orGate.srcs/sources_1/new/ORgate.vhd E:/RESEARCH/NidhiProject_Work/FPGAcode/vhdlByExample/gate/Gate/orGate.srcs/sources_1/new/andGate.vhd E:/RESEARCH/NidhiProject_Work/FPGAcode/vhdlByExample/gate/Gate/orGate.srcs/sources_1/new/inverter.vhd E:/RESEARCH/NidhiProject_Work/FPGAcode/vhdlByExample/gate/Gate/orGate.srcs/sources_1/new/xorGate.vhd E:/RESEARCH/NidhiProject_Work/FPGAcode/vhdlByExample/gate/Gate/orGate.srcs/sources_1/new/XNORgate.vhd}
update_compile_order -fileset sources_1
update_compile_order -fileset sources_1
export_ip_user_files -of_objects  [get_files E:/RESEARCH/NidhiProject_Work/FPGAcode/vhdlByExample/gate/Gate/Gate.srcs/sources_1/new/NANDgate.vhd] -no_script -reset -force -quiet
export_ip_user_files -of_objects  [get_files E:/RESEARCH/NidhiProject_Work/FPGAcode/vhdlByExample/gate/Gate/Gate.srcs/sources_1/new/NORgate.vhd] -no_script -reset -force -quiet
export_ip_user_files -of_objects  [get_files E:/RESEARCH/NidhiProject_Work/FPGAcode/vhdlByExample/gate/Gate/Gate.srcs/sources_1/new/ORgate.vhd] -no_script -reset -force -quiet
export_ip_user_files -of_objects  [get_files E:/RESEARCH/NidhiProject_Work/FPGAcode/vhdlByExample/gate/Gate/Gate.srcs/sources_1/new/XNORgate.vhd] -no_script -reset -force -quiet
export_ip_user_files -of_objects  [get_files E:/RESEARCH/NidhiProject_Work/FPGAcode/vhdlByExample/gate/Gate/Gate.srcs/sources_1/new/andGate.vhd] -no_script -reset -force -quiet
export_ip_user_files -of_objects  [get_files E:/RESEARCH/NidhiProject_Work/FPGAcode/vhdlByExample/gate/Gate/Gate.srcs/sources_1/new/inverter.vhd] -no_script -reset -force -quiet
export_ip_user_files -of_objects  [get_files E:/RESEARCH/NidhiProject_Work/FPGAcode/vhdlByExample/gate/Gate/Gate.srcs/sources_1/new/xorGate.vhd] -no_script -reset -force -quiet
remove_files  {E:/RESEARCH/NidhiProject_Work/FPGAcode/vhdlByExample/gate/Gate/Gate.srcs/sources_1/new/NANDgate.vhd E:/RESEARCH/NidhiProject_Work/FPGAcode/vhdlByExample/gate/Gate/Gate.srcs/sources_1/new/NORgate.vhd E:/RESEARCH/NidhiProject_Work/FPGAcode/vhdlByExample/gate/Gate/Gate.srcs/sources_1/new/ORgate.vhd E:/RESEARCH/NidhiProject_Work/FPGAcode/vhdlByExample/gate/Gate/Gate.srcs/sources_1/new/XNORgate.vhd E:/RESEARCH/NidhiProject_Work/FPGAcode/vhdlByExample/gate/Gate/Gate.srcs/sources_1/new/andGate.vhd E:/RESEARCH/NidhiProject_Work/FPGAcode/vhdlByExample/gate/Gate/Gate.srcs/sources_1/new/inverter.vhd E:/RESEARCH/NidhiProject_Work/FPGAcode/vhdlByExample/gate/Gate/Gate.srcs/sources_1/new/xorGate.vhd}
export_ip_user_files -of_objects  [get_files E:/RESEARCH/NidhiProject_Work/FPGAcode/vhdlByExample/gate/Gate/Gate.srcs/sim_1/new/TestGates.vhd] -no_script -reset -force -quiet
remove_files  -fileset sim_1 E:/RESEARCH/NidhiProject_Work/FPGAcode/vhdlByExample/gate/Gate/Gate.srcs/sim_1/new/TestGates.vhd
set_property SOURCE_SET sources_1 [get_filesets sim_1]
add_files -fileset sim_1 -norecurse -scan_for_includes E:/RESEARCH/NidhiProject_Work/FPGAcode/vhdlByExample/gate/Gate/orGate.srcs/sim_1/new/TestGates.vhd
import_files -fileset sim_1 -norecurse E:/RESEARCH/NidhiProject_Work/FPGAcode/vhdlByExample/gate/Gate/orGate.srcs/sim_1/new/TestGates.vhd
update_compile_order -fileset sim_1
update_compile_order -fileset sim_1
launch_simulation
INFO: [Vivado 12-5682] Launching behavioral simulation in 'E:/RESEARCH/NidhiProject_Work/FPGAcode/vhdlByExample/gate/Gate/Gate.sim/sim_1/behav/xsim'
INFO: [SIM-utils-51] Simulation object is 'sim_1'
INFO: [SIM-utils-54] Inspecting design source files for 'TestGates' in fileset 'sim_1'...
INFO: [USF-XSim-97] Finding global include files...
INFO: [USF-XSim-98] Fetching design files from 'sim_1'...
INFO: [USF-XSim-2] XSim::Compile design
INFO: [USF-XSim-61] Executing 'COMPILE and ANALYZE' step in 'E:/RESEARCH/NidhiProject_Work/FPGAcode/vhdlByExample/gate/Gate/Gate.sim/sim_1/behav/xsim'
"xvhdl --incr --relax -prj TestGates_vhdl.prj"
INFO: [VRFC 10-163] Analyzing VHDL file "E:/RESEARCH/NidhiProject_Work/FPGAcode/vhdlByExample/gate/Gate/Gate.srcs/sources_1/imports/new/NANDgate.vhd" into library xil_defaultlib
INFO: [VRFC 10-307] analyzing entity nandGate
INFO: [VRFC 10-163] Analyzing VHDL file "E:/RESEARCH/NidhiProject_Work/FPGAcode/vhdlByExample/gate/Gate/Gate.srcs/sources_1/imports/new/NORgate.vhd" into library xil_defaultlib
INFO: [VRFC 10-307] analyzing entity NORgate
INFO: [VRFC 10-163] Analyzing VHDL file "E:/RESEARCH/NidhiProject_Work/FPGAcode/vhdlByExample/gate/Gate/Gate.srcs/sources_1/imports/new/ORgate.vhd" into library xil_defaultlib
INFO: [VRFC 10-307] analyzing entity ORgate
INFO: [VRFC 10-163] Analyzing VHDL file "E:/RESEARCH/NidhiProject_Work/FPGAcode/vhdlByExample/gate/Gate/Gate.srcs/sources_1/imports/new/XNORgate.vhd" into library xil_defaultlib
INFO: [VRFC 10-307] analyzing entity XNORgate
INFO: [VRFC 10-163] Analyzing VHDL file "E:/RESEARCH/NidhiProject_Work/FPGAcode/vhdlByExample/gate/Gate/Gate.srcs/sources_1/imports/new/andGate.vhd" into library xil_defaultlib
INFO: [VRFC 10-307] analyzing entity ANDGATE
INFO: [VRFC 10-163] Analyzing VHDL file "E:/RESEARCH/NidhiProject_Work/FPGAcode/vhdlByExample/gate/Gate/Gate.srcs/sources_1/imports/new/inverter.vhd" into library xil_defaultlib
INFO: [VRFC 10-307] analyzing entity inverter
INFO: [VRFC 10-163] Analyzing VHDL file "E:/RESEARCH/NidhiProject_Work/FPGAcode/vhdlByExample/gate/Gate/Gate.srcs/sources_1/imports/new/xorGate.vhd" into library xil_defaultlib
INFO: [VRFC 10-307] analyzing entity xorGate
INFO: [VRFC 10-163] Analyzing VHDL file "E:/RESEARCH/NidhiProject_Work/FPGAcode/vhdlByExample/gate/Gate/Gate.srcs/sim_1/imports/new/TestGates.vhd" into library xil_defaultlib
INFO: [VRFC 10-307] analyzing entity TestGates
INFO: [USF-XSim-69] 'compile' step finished in '1' seconds
INFO: [USF-XSim-3] XSim::Elaborate design
INFO: [USF-XSim-61] Executing 'ELABORATE' step in 'E:/RESEARCH/NidhiProject_Work/FPGAcode/vhdlByExample/gate/Gate/Gate.sim/sim_1/behav/xsim'
Vivado Simulator 2018.2
Copyright 1986-1999, 2001-2018 Xilinx, Inc. All Rights Reserved.
Running: D:/xilinxVivado2021/Vivado/2018.2/bin/unwrapped/win64.o/xelab.exe -wto 7f38a872b453468b9faf4e47924f151b --incr --debug typical --relax --mt 2 -L xil_defaultlib -L secureip --snapshot TestGates_behav xil_defaultlib.TestGates -log elaborate.log 
Using 2 slave threads.
Starting static elaboration
Completed static elaboration
Starting simulation data flow analysis
Completed simulation data flow analysis
Time Resolution for simulation is 1ps
Compiling package std.standard
Compiling package std.textio
Compiling package ieee.std_logic_1164
Compiling architecture behavioral of entity xil_defaultlib.ORgate [orgate_default]
Compiling architecture behavioural of entity xil_defaultlib.ANDGATE [andgate_default]
Compiling architecture behaviour of entity xil_defaultlib.nandGate [nandgate_default]
Compiling architecture behavioural of entity xil_defaultlib.NORgate [norgate_default]
Compiling architecture behavioral of entity xil_defaultlib.xorGate [xorgate_default]
Compiling architecture behavioral of entity xil_defaultlib.XNORgate [xnorgate_default]
Compiling architecture behavioral of entity xil_defaultlib.inverter [inverter_default]
Compiling architecture behavioral of entity xil_defaultlib.testgates
Built simulation snapshot TestGates_behav

****** Webtalk v2018.2 (64-bit)
  **** SW Build 2258646 on Thu Jun 14 20:03:12 MDT 2018
  **** IP Build 2256618 on Thu Jun 14 22:10:49 MDT 2018
    ** Copyright 1986-2018 Xilinx, Inc. All Rights Reserved.

source E:/RESEARCH/NidhiProject_Work/FPGAcode/vhdlByExample/gate/Gate/Gate.sim/sim_1/behav/xsim/xsim.dir/TestGates_behav/webtalk/xsim_webtalk.tcl -notrace
INFO: [Common 17-206] Exiting Webtalk at Mon Jul 10 15:29:51 2023...
INFO: [USF-XSim-69] 'elaborate' step finished in '3' seconds
INFO: [USF-XSim-4] XSim::Simulate design
INFO: [USF-XSim-61] Executing 'SIMULATE' step in 'E:/RESEARCH/NidhiProject_Work/FPGAcode/vhdlByExample/gate/Gate/Gate.sim/sim_1/behav/xsim'
INFO: [USF-XSim-98] *** Running xsim
   with args "TestGates_behav -key {Behavioral:sim_1:Functional:TestGates} -tclbatch {TestGates.tcl} -view {E:/RESEARCH/NidhiProject_Work/FPGAcode/vhdlByExample/gate/TestGates_behav.wcfg} -log {simulate.log}"
INFO: [USF-XSim-8] Loading simulator feature
Vivado Simulator 2018.2
Time resolution is 1 ps
open_wave_config E:/RESEARCH/NidhiProject_Work/FPGAcode/vhdlByExample/gate/TestGates_behav.wcfg
source TestGates.tcl
# set curr_wave [current_wave_config]
# if { [string length $curr_wave] == 0 } {
#   if { [llength [get_objects]] > 0} {
#     add_wave /
#     set_property needs_save false [current_wave_config]
#   } else {
#      send_msg_id Add_Wave-1 WARNING "No top level signals found. Simulator will start without a wave window. If you want to open a wave window go to 'File->New Waveform Configuration' or type 'create_wave_config' in the TCL console."
#   }
# }
# run 1000ns
INFO: [USF-XSim-96] XSim completed. Design snapshot 'TestGates_behav' loaded.
INFO: [USF-XSim-97] XSim simulation ran for 1000ns
launch_simulation: Time (s): cpu = 00:00:05 ; elapsed = 00:00:08 . Memory (MB): peak = 879.465 ; gain = 13.109
close_sim
INFO: [Simtcl 6-16] Simulation closed
launch_simulation
INFO: [Vivado 12-5682] Launching behavioral simulation in 'E:/RESEARCH/NidhiProject_Work/FPGAcode/vhdlByExample/gate/Gate/Gate.sim/sim_1/behav/xsim'
INFO: [SIM-utils-51] Simulation object is 'sim_1'
INFO: [SIM-utils-54] Inspecting design source files for 'TestGates' in fileset 'sim_1'...
INFO: [USF-XSim-97] Finding global include files...
INFO: [USF-XSim-98] Fetching design files from 'sim_1'...
INFO: [USF-XSim-2] XSim::Compile design
INFO: [USF-XSim-61] Executing 'COMPILE and ANALYZE' step in 'E:/RESEARCH/NidhiProject_Work/FPGAcode/vhdlByExample/gate/Gate/Gate.sim/sim_1/behav/xsim'
"xvhdl --incr --relax -prj TestGates_vhdl.prj"
INFO: [USF-XSim-69] 'compile' step finished in '1' seconds
INFO: [USF-XSim-3] XSim::Elaborate design
INFO: [USF-XSim-61] Executing 'ELABORATE' step in 'E:/RESEARCH/NidhiProject_Work/FPGAcode/vhdlByExample/gate/Gate/Gate.sim/sim_1/behav/xsim'
Vivado Simulator 2018.2
Copyright 1986-1999, 2001-2018 Xilinx, Inc. All Rights Reserved.
Running: D:/xilinxVivado2021/Vivado/2018.2/bin/unwrapped/win64.o/xelab.exe -wto 7f38a872b453468b9faf4e47924f151b --incr --debug typical --relax --mt 2 -L xil_defaultlib -L secureip --snapshot TestGates_behav xil_defaultlib.TestGates -log elaborate.log 
Using 2 slave threads.
Starting static elaboration
Completed static elaboration
INFO: [XSIM 43-4323] No Change in HDL. Linking previously generated obj files to create kernel
INFO: [USF-XSim-69] 'elaborate' step finished in '3' seconds
INFO: [USF-XSim-4] XSim::Simulate design
INFO: [USF-XSim-61] Executing 'SIMULATE' step in 'E:/RESEARCH/NidhiProject_Work/FPGAcode/vhdlByExample/gate/Gate/Gate.sim/sim_1/behav/xsim'
INFO: [USF-XSim-98] *** Running xsim
   with args "TestGates_behav -key {Behavioral:sim_1:Functional:TestGates} -tclbatch {TestGates.tcl} -view {E:/RESEARCH/NidhiProject_Work/FPGAcode/vhdlByExample/gate/TestGates_behav.wcfg} -log {simulate.log}"
INFO: [USF-XSim-8] Loading simulator feature
Vivado Simulator 2018.2
Time resolution is 1 ps
open_wave_config E:/RESEARCH/NidhiProject_Work/FPGAcode/vhdlByExample/gate/TestGates_behav.wcfg
source TestGates.tcl
# set curr_wave [current_wave_config]
# if { [string length $curr_wave] == 0 } {
#   if { [llength [get_objects]] > 0} {
#     add_wave /
#     set_property needs_save false [current_wave_config]
#   } else {
#      send_msg_id Add_Wave-1 WARNING "No top level signals found. Simulator will start without a wave window. If you want to open a wave window go to 'File->New Waveform Configuration' or type 'create_wave_config' in the TCL console."
#   }
# }
# run 1000ns
INFO: [USF-XSim-96] XSim completed. Design snapshot 'TestGates_behav' loaded.
INFO: [USF-XSim-97] XSim simulation ran for 1000ns
launch_simulation: Time (s): cpu = 00:00:02 ; elapsed = 00:00:06 . Memory (MB): peak = 885.367 ; gain = 0.410
close_sim
INFO: [Simtcl 6-16] Simulation closed
close_project
open_project E:/RESEARCH/NidhiProject_Work/FPGAcode/vhdlByExample/comb_ckt/comb_ckt.xpr
Scanning sources...
Finished scanning sources
INFO: [IP_Flow 19-234] Refreshing IP repositories
INFO: [IP_Flow 19-1704] No user IP repositories specified
INFO: [IP_Flow 19-2313] Loaded Vivado IP repository 'D:/xilinxVivado2021/Vivado/2018.2/data/ip'.
update_compile_order -fileset sources_1
close_project
open_project E:/RESEARCH/NidhiProject_Work/FPGAcode/vhdlByExample/Comb_ckt_all/Comb_ckt_all.xpr
Scanning sources...
Finished scanning sources
INFO: [IP_Flow 19-234] Refreshing IP repositories
INFO: [IP_Flow 19-1704] No user IP repositories specified
INFO: [IP_Flow 19-2313] Loaded Vivado IP repository 'D:/xilinxVivado2021/Vivado/2018.2/data/ip'.
update_compile_order -fileset sources_1
close_project
open_project E:/RESEARCH/NidhiProject_Work/FPGAcode/vhdlByExample/FlipFlop/FlipFlop.xpr
Scanning sources...
Finished scanning sources
INFO: [IP_Flow 19-234] Refreshing IP repositories
INFO: [IP_Flow 19-1704] No user IP repositories specified
INFO: [IP_Flow 19-2313] Loaded Vivado IP repository 'D:/xilinxVivado2021/Vivado/2018.2/data/ip'.
update_compile_order -fileset sources_1
close_project
open_project E:/RESEARCH/NidhiProject_Work/FPGAcode/vhdlByExample/Sequential_ckt/Sequential_ckt.xpr
Scanning sources...
Finished scanning sources
INFO: [IP_Flow 19-234] Refreshing IP repositories
INFO: [IP_Flow 19-1704] No user IP repositories specified
INFO: [IP_Flow 19-2313] Loaded Vivado IP repository 'D:/xilinxVivado2021/Vivado/2018.2/data/ip'.
update_compile_order -fileset sources_1
exit
INFO: [Common 17-206] Exiting Vivado at Mon Jul 10 15:53:03 2023...
