Vivado Simulator 2018.2
Copyright 1986-1999, 2001-2018 Xilinx, Inc. All Rights Reserved.
Running: D:/xilinxVivado2021/Vivado/2018.2/bin/unwrapped/win64.o/xelab.exe -wto 057c7fc5b38643588a18582e0ae730ca --incr --debug typical --relax --mt 2 --maxdelay -L xil_defaultlib -L simprims_ver -L secureip --snapshot TestComb_ckt_time_synth -transport_int_delays -pulse_r 0 -pulse_int_r 0 -pulse_e 0 -pulse_int_e 0 xil_defaultlib.TestComb_ckt xil_defaultlib.glbl -log elaborate.log 
Using 2 slave threads.
Starting static elaboration
Completed static elaboration
Starting simulation data flow analysis
Completed simulation data flow analysis
INFO: [XSIM 43-3451] SDF backannotation process started with SDF file "TestComb_ckt_time_synth.sdf", for root module "TestComb_ckt/UUT".
INFO: [XSIM 43-3452] SDF backannotation was successful for SDF file "TestComb_ckt_time_synth.sdf", for root module "TestComb_ckt/UUT".
Time Resolution for simulation is 1ps
Compiling package std.standard
Compiling package std.textio
Compiling package ieee.std_logic_1164
Compiling package vl.vl_types
Compiling module xil_defaultlib.glbl
Compiling module simprims_ver.IBUF
Compiling module simprims_ver.OBUF
Compiling module simprims_ver.x_lut3_mux8
Compiling module simprims_ver.LUT3
Compiling module xil_defaultlib.combCkt
Compiling architecture behavioral of entity xil_defaultlib.testcomb_ckt
Built simulation snapshot TestComb_ckt_time_synth
